<?xml version="1.0" encoding="UTF-8"?>
<!-- Generated by org.testng.reporters.JUnitReportReporter -->
<testsuite hostname="IN-Sandeep" name="example.NewTest" tests="1" failures="0" timestamp="2 Jul 2017 04:33:43 GMT" time="13.741" errors="0">
  <testcase name="f" time="13.741" classname="example.NewTest"/>
</testsuite> <!-- example.NewTest -->
