<?xml version="1.0" encoding="UTF-8"?>
<!-- Generated by org.testng.reporters.JUnitReportReporter -->
<testsuite hostname="IN-Sandeep" name="example.Test3" tests="3" failures="0" timestamp="2 Jul 2017 04:33:43 GMT" time="0.015" errors="0">
  <testcase name="doLogin" time="0.010" classname="example.Test3"/>
  <testcase name="doLogin" time="0.005" classname="example.Test3"/>
  <testcase name="doLogin" time="0.000" classname="example.Test3"/>
</testsuite> <!-- example.Test3 -->
